1499095184676	geckodriver	INFO	Listening on 127.0.0.1:64862
1499095185735	geckodriver::marionette	INFO	Starting browser /Applications/Firefox.app/Contents/MacOS/firefox-bin with args ["-marionette"]
1499095187394	Marionette	INFO	Listening on port 64871
1499095187441	Marionette	WARN	TLS certificate errors will be ignored for this session
1499095187631	Marionette	DEBUG	loaded listener.js
2017-07-03 08:19:47.696 plugin-container[32542:30569632] *** CFMessagePort: bootstrap_register(): failed 1100 (0x44c) 'Permission denied', port = 0x9c3b, name = 'com.apple.tsm.portname'
See /usr/include/servers/bootstrap_defs.h for the error codes.
2017-07-03 08:19:47.698 plugin-container[32542:30569632] *** CFMessagePort: bootstrap_register(): failed 1100 (0x44c) 'Permission denied', port = 0x9f03, name = 'com.apple.CFPasteboardClient'
See /usr/include/servers/bootstrap_defs.h for the error codes.
1499095235593	geckodriver	INFO	Listening on 127.0.0.1:64929
1499095235649	geckodriver::marionette	INFO	Starting browser /Applications/Firefox.app/Contents/MacOS/firefox-bin with args ["-marionette"]
1499095237284	Marionette	INFO	Listening on port 64936
1499095237331	Marionette	WARN	TLS certificate errors will be ignored for this session
1499095237520	Marionette	DEBUG	loaded listener.js
1499095237546	Marionette	DEBUG	Received DOM event "beforeunload" for "about:blank"
2017-07-03 08:20:37.590 plugin-container[32557:30574781] *** CFMessagePort: bootstrap_register(): failed 1100 (0x44c) 'Permission denied', port = 0x9c3b, name = 'com.apple.tsm.portname'
See /usr/include/servers/bootstrap_defs.h for the error codes.
2017-07-03 08:20:37.590 plugin-container[32557:30574781] *** CFMessagePort: bootstrap_register(): failed 1100 (0x44c) 'Permission denied', port = 0x9f03, name = 'com.apple.CFPasteboardClient'
See /usr/include/servers/bootstrap_defs.h for the error codes.
1499095237740	Marionette	DEBUG	Received DOM event "pagehide" for "about:blank"
1499095237740	Marionette	DEBUG	Received DOM event "unload" for "about:blank"
1499095237917	Marionette	DEBUG	Received DOM event "DOMContentLoaded" for "http://www.letskodeit.com/"
1499095239715	Marionette	DEBUG	Received DOM event "pageshow" for "http://www.letskodeit.com/"
1499095239717	Marionette	DEBUG	Received DOM event "pageshow" for "http://www.letskodeit.com/"
1499095239719	Marionette	DEBUG	Received DOM event "pageshow" for "http://www.letskodeit.com/"
1499095240009	Marionette	DEBUG	Received DOM event "DOMContentLoaded" for "https://wix-instantsearchplus-ssl.akamaized.net/wix_widget/wix_instantsearchplus_widget-V3.html?cacheKiller=1499095239450&compId=comp-iiqf5u6e&deviceType=desktop&height=35&instance=0t6u6084J8P7coGB6_JXY2xYrU5BPxiMmvI6gd8poGY.eyJpbnN0YW5jZUlkIjoiZDMzNWZjMGYtZjU3NC00NjhjLWEwZWUtOTFjYTEzMTljYWE2Iiwic2lnbkRhdGUiOiIyMDE3LTA3LTAzVDE1OjIwOjM3LjY5NVoiLCJ1aWQiOm51bGwsImlwQW5kUG9ydCI6IjIwNy4yMjUuMjMyLjE3NS8yMjY4MiIsInZlbmRvclByb2R1Y3RJZCI6bnVsbCwiZGVtb01vZGUiOmZhbHNlLCJhaWQiOiIyYjY4Y2ZjOS00MWQ0LTQ2ZWItYWU0OS1iOGM4M2YwNWVkNTgiLCJzaXRlT3duZXJJZCI6ImZlYWI0MjY1LTAyYTktNGFmNC05NzVkLTUxZmU4ZjUzOTY3YyJ9&locale=en&pageId=mainPage&v=2.0.1&viewMode=site&vsi=03c793cb-f9fa-41fc-a448-aa78756e619e&width=200"
1499095240011	Marionette	DEBUG	Received DOM event "pageshow" for "https://wix-instantsearchplus-ssl.akamaized.net/wix_widget/wix_instantsearchplus_widget-V3.html?cacheKiller=1499095239450&compId=comp-iiqf5u6e&deviceType=desktop&height=35&instance=0t6u6084J8P7coGB6_JXY2xYrU5BPxiMmvI6gd8poGY.eyJpbnN0YW5jZUlkIjoiZDMzNWZjMGYtZjU3NC00NjhjLWEwZWUtOTFjYTEzMTljYWE2Iiwic2lnbkRhdGUiOiIyMDE3LTA3LTAzVDE1OjIwOjM3LjY5NVoiLCJ1aWQiOm51bGwsImlwQW5kUG9ydCI6IjIwNy4yMjUuMjMyLjE3NS8yMjY4MiIsInZlbmRvclByb2R1Y3RJZCI6bnVsbCwiZGVtb01vZGUiOmZhbHNlLCJhaWQiOiIyYjY4Y2ZjOS00MWQ0LTQ2ZWItYWU0OS1iOGM4M2YwNWVkNTgiLCJzaXRlT3duZXJJZCI6ImZlYWI0MjY1LTAyYTktNGFmNC05NzVkLTUxZmU4ZjUzOTY3YyJ9&locale=en&pageId=mainPage&v=2.0.1&viewMode=site&vsi=03c793cb-f9fa-41fc-a448-aa78756e619e&width=200"
1499095240092	Marionette	DEBUG	Received DOM event "DOMContentLoaded" for "https://player.vimeo.com/video/43893348?autoplay=true&loop=true&byline=false&portrait=false&title=false"
JavaScript warning: http://static.parastorage.com/services/third-party/jquery/2.0.3/jquery.min.js, line 1: Using //@ to indicate sourceMappingURL pragmas is deprecated. Use //# instead
1499095240375	Marionette	DEBUG	Received DOM event "DOMContentLoaded" for "http://apps.wix.com/shoutout-get-subscriber-server-webapp/statics/index?cacheKiller=1499095239450&compId=ia7djgpn&deviceType=desktop&height=241&instance=rGEywL-WPQ1vwRMXCAdHy2R8GyGyReDq35md_osvPN0.eyJpbnN0YW5jZUlkIjoiMTNkOTE0ODYtY2M5YS05YzRiLTNhNmYtM2EwYWE0NzgzNjU1Iiwic2lnbkRhdGUiOiIyMDE3LTA3LTAzVDE1OjIwOjM3LjY5NFoiLCJ1aWQiOm51bGwsImlwQW5kUG9ydCI6IjIwNy4yMjUuMjMyLjE3NS8yMjY4MiIsInZlbmRvclByb2R1Y3RJZCI6bnVsbCwiZGVtb01vZGUiOmZhbHNlLCJhaWQiOiIyYjY4Y2ZjOS00MWQ0LTQ2ZWItYWU0OS1iOGM4M2YwNWVkNTgiLCJiaVRva2VuIjoiNzFjNDZjZmQtMTFiNi1kZWNkLThlNWEtYmY0NmE5ODlkYjczIiwic2l0ZU93bmVySWQiOiJmZWFiNDI2NS0wMmE5LTRhZjQtOTc1ZC01MWZlOGY1Mzk2N2MifQ&locale=en&pageId=mainPage&viewMode=site&vsi=03c793cb-f9fa-41fc-a448-aa78756e619e&width=350"
1499095240674	Marionette	DEBUG	Received DOM event "pageshow" for "http://apps.wix.com/shoutout-get-subscriber-server-webapp/statics/index?cacheKiller=1499095239450&compId=ia7djgpn&deviceType=desktop&height=241&instance=rGEywL-WPQ1vwRMXCAdHy2R8GyGyReDq35md_osvPN0.eyJpbnN0YW5jZUlkIjoiMTNkOTE0ODYtY2M5YS05YzRiLTNhNmYtM2EwYWE0NzgzNjU1Iiwic2lnbkRhdGUiOiIyMDE3LTA3LTAzVDE1OjIwOjM3LjY5NFoiLCJ1aWQiOm51bGwsImlwQW5kUG9ydCI6IjIwNy4yMjUuMjMyLjE3NS8yMjY4MiIsInZlbmRvclByb2R1Y3RJZCI6bnVsbCwiZGVtb01vZGUiOmZhbHNlLCJhaWQiOiIyYjY4Y2ZjOS00MWQ0LTQ2ZWItYWU0OS1iOGM4M2YwNWVkNTgiLCJiaVRva2VuIjoiNzFjNDZjZmQtMTFiNi1kZWNkLThlNWEtYmY0NmE5ODlkYjczIiwic2l0ZU93bmVySWQiOiJmZWFiNDI2NS0wMmE5LTRhZjQtOTc1ZC01MWZlOGY1Mzk2N2MifQ&locale=en&pageId=mainPage&viewMode=site&vsi=03c793cb-f9fa-41fc-a448-aa78756e619e&width=350"
1499095240918	Marionette	DEBUG	Received DOM event "pageshow" for "https://player.vimeo.com/video/43893348?autoplay=true&loop=true&byline=false&portrait=false&title=false"
1499095240921	Marionette	DEBUG	Received DOM event "pageshow" for "http://www.letskodeit.com/"
*************************
A coding exception was thrown and uncaught in a Task.

Full message: TypeError: NetworkError when attempting to fetch resource.
Full stack: 
*************************
*************************
A coding exception was thrown and uncaught in a Task.

Full message: TypeError: NetworkError when attempting to fetch resource.
Full stack: 
*************************
1499096351055	Marionette	INFO	Ceased listening
1499096354139	Marionette	INFO	Ceased listening
